2024-09-08T11:12:50.088+02:00  INFO 12168 --- [restartedMain] fcweb.Application                        : Starting Application using Java 17.0.8.1 with PID 12168 (C:\eclipse\workspace\fcapp\target\classes started by dcremona in C:\eclipse\workspace\fcapp)
2024-09-08T11:12:50.101+02:00 DEBUG 12168 --- [restartedMain] fcweb.Application                        : Running with Spring Boot v3.2.0, Spring v6.1.1
2024-09-08T11:12:50.102+02:00  INFO 12168 --- [restartedMain] fcweb.Application                        : The following 1 profile is active: "localfc"
2024-09-08T11:12:50.163+02:00  INFO 12168 --- [restartedMain] o.s.b.devtools.restart.ChangeableUrls    : The Class-Path manifest attribute in C:\Users\dcremona\.m2My\commons-logging\commons-logging\1.0.3\commons-logging-1.0.3.jar referenced one or more files that do not exist: file:/C:/Users/dcremona/.m2My/commons-logging/commons-logging/1.0.3/log4j.jar,file:/C:/Users/dcremona/.m2My/commons-logging/commons-logging/1.0.3/log4j-core.jar
2024-09-08T11:12:50.164+02:00  INFO 12168 --- [restartedMain] .e.DevToolsPropertyDefaultsPostProcessor : Devtools property defaults active! Set 'spring.devtools.add-properties' to 'false' to disable
2024-09-08T11:12:50.164+02:00  INFO 12168 --- [restartedMain] .e.DevToolsPropertyDefaultsPostProcessor : For additional web related logging consider setting the 'logging.level.web' property to 'DEBUG'
2024-09-08T11:12:50.908+02:00  INFO 12168 --- [restartedMain] .s.d.r.c.RepositoryConfigurationDelegate : Bootstrapping Spring Data JPA repositories in DEFAULT mode.
2024-09-08T11:12:51.058+02:00  INFO 12168 --- [restartedMain] .s.d.r.c.RepositoryConfigurationDelegate : Finished Spring Data repository scanning in 139 ms. Found 28 JPA repository interfaces.
2024-09-08T11:12:52.054+02:00  INFO 12168 --- [restartedMain] o.s.b.w.embedded.tomcat.TomcatWebServer  : Tomcat initialized with port 8080 (http)
2024-09-08T11:12:52.066+02:00  INFO 12168 --- [restartedMain] o.apache.catalina.core.StandardService   : Starting service [Tomcat]
2024-09-08T11:12:52.067+02:00  INFO 12168 --- [restartedMain] o.apache.catalina.core.StandardEngine    : Starting Servlet engine: [Apache Tomcat/10.1.16]
2024-09-08T11:12:52.147+02:00  INFO 12168 --- [restartedMain] o.a.c.c.C.[Tomcat].[localhost].[/]       : Initializing Spring embedded WebApplicationContext
2024-09-08T11:12:52.148+02:00  INFO 12168 --- [restartedMain] w.s.c.ServletWebServerApplicationContext : Root WebApplicationContext: initialization completed in 1983 ms
2024-09-08T11:12:53.388+02:00  WARN 12168 --- [restartedMain] o.s.c.annotation.AnnotationTypeMapping   : Support for convention-based annotation attribute overrides is deprecated and will be removed in Spring Framework 6.2. Please annotate the following attributes in @javax.annotation.RegEx with appropriate @AliasFor declarations: [when]
2024-09-08T11:13:08.090+02:00  INFO 12168 --- [restartedMain] c.v.f.s.VaadinServletContextInitializer  : Search for subclasses and classes with annotations took 15638 ms
2024-09-08T11:13:08.447+02:00  INFO 12168 --- [restartedMain] c.v.b.d.startup.DevModeStartupListener   : Starting dev-mode updaters in C:\eclipse\workspace\fcapp folder.
2024-09-08T11:13:08.505+02:00  INFO 12168 --- [restartedMain] c.v.f.s.f.s.FullDependenciesScanner      : Visited 164 classes. Took 45 ms.
2024-09-08T11:13:08.508+02:00  INFO 12168 --- [restartedMain] c.v.f.s.frontend.BundleValidationUtil    : Checking if a development mode bundle build is needed
2024-09-08T11:13:08.554+02:00  INFO 12168 --- [restartedMain] c.v.f.s.frontend.BundleValidationUtil    : Dependency @vaadin-component-factory/vcf-pdf-viewer is missing from the bundle
2024-09-08T11:13:08.554+02:00  INFO 12168 --- [restartedMain] c.v.f.s.frontend.BundleValidationUtil    : Dependency print-js is missing from the bundle
2024-09-08T11:13:08.554+02:00  INFO 12168 --- [restartedMain] c.v.f.s.frontend.BundleValidationUtil    : Dependency @polymer/iron-iconset-svg is missing from the bundle
2024-09-08T11:13:08.554+02:00  INFO 12168 --- [restartedMain] c.v.f.s.frontend.BundleValidationUtil    : Dependency apexcharts is missing from the bundle
2024-09-08T11:13:08.555+02:00  INFO 12168 --- [restartedMain] c.v.f.s.frontend.BundleValidationUtil    : Dependency lit-html is missing from the bundle
2024-09-08T11:13:08.555+02:00  INFO 12168 --- [restartedMain] c.v.f.s.frontend.BundleValidationUtil    : Dependency onecolor is missing from the bundle
2024-09-08T11:13:08.555+02:00  INFO 12168 --- [restartedMain] c.v.f.s.frontend.BundleValidationUtil    : Dependency @polymer/paper-icon-button is missing from the bundle
2024-09-08T11:13:08.555+02:00  INFO 12168 --- [restartedMain] c.v.f.s.frontend.BundleValidationUtil    : Dependency @vaadin-component-factory/vcf-svg is missing from the bundle
2024-09-08T11:13:08.556+02:00  INFO 12168 --- [restartedMain] c.v.f.s.frontend.BundleValidationUtil    : Dependency lit-element is missing from the bundle
2024-09-08T11:13:08.556+02:00  INFO 12168 --- [restartedMain] c.v.f.s.frontend.BundleValidationUtil    : Dependency @polymer/paper-button is missing from the bundle
2024-09-08T11:13:08.556+02:00  INFO 12168 --- [restartedMain] c.v.f.s.frontend.BundleValidationUtil    : Dependency @flowingcode/font-awesome-iron-iconset is missing from the bundle
2024-09-08T11:13:08.558+02:00  INFO 12168 --- [restartedMain] c.v.f.s.frontend.BundleValidationUtil    : A development mode bundle build is needed
2024-09-08T11:13:08.776+02:00  INFO 12168 --- [ForkJoinPool.commonPool-worker-1] c.v.f.s.frontend.TaskUpdatePackages      : Running `npm install` to resolve and optionally download frontend dependencies. This may take a moment, please stand by...
2024-09-08T11:13:09.479+02:00  INFO 12168 --- [restartedMain] o.s.o.j.p.SpringPersistenceUnitInfo      : No LoadTimeWeaver setup: ignoring JPA class transformer
2024-09-08T11:13:09.537+02:00  INFO 12168 --- [restartedMain] com.zaxxer.hikari.HikariDataSource       : HikariPool-1 - Starting...
2024-09-08T11:13:09.879+02:00  INFO 12168 --- [restartedMain] com.zaxxer.hikari.pool.HikariPool        : HikariPool-1 - Added connection com.mysql.cj.jdbc.ConnectionImpl@3379ee16
2024-09-08T11:13:09.884+02:00  INFO 12168 --- [restartedMain] com.zaxxer.hikari.HikariDataSource       : HikariPool-1 - Start completed.
2024-09-08T11:13:13.391+02:00  INFO 12168 --- [restartedMain] j.LocalContainerEntityManagerFactoryBean : Initialized JPA EntityManagerFactory for persistence unit 'default'
2024-09-08T11:13:15.280+02:00  INFO 12168 --- [restartedMain] f.config.LocaleConfig$$SpringCGLIB$$0    : Date in Europe/Berlin: Sun Sep 08 11:13:15 CEST 2024
2024-09-08T11:13:15.280+02:00  INFO 12168 --- [restartedMain] f.config.LocaleConfig$$SpringCGLIB$$0    : basePathData C:\eclipse\workspace\fcapp
2024-09-08T11:13:15.562+02:00  INFO 12168 --- [restartedMain] fcweb.backend.tasks.MyScheduledTasks     : Ufficiosi cron 0 0 7 * * *
2024-09-08T11:13:15.566+02:00  INFO 12168 --- [restartedMain] fcweb.backend.tasks.MyScheduledTasks     : Ufficiali cron 0 0 15 * * *
2024-09-08T11:13:16.197+02:00  INFO 12168 --- [restartedMain] o.s.s.web.DefaultSecurityFilterChain     : Will secure any request with [org.springframework.security.web.session.DisableEncodeUrlFilter@6bfd831, org.springframework.security.web.context.request.async.WebAsyncManagerIntegrationFilter@6d401314, org.springframework.security.web.context.SecurityContextHolderFilter@7a00617c, org.springframework.security.web.header.HeaderWriterFilter@dd436da, org.springframework.web.filter.CorsFilter@345b4a3, org.springframework.security.web.csrf.CsrfFilter@1fc5b056, org.springframework.security.web.authentication.logout.LogoutFilter@2a3be1a4, org.springframework.security.web.authentication.UsernamePasswordAuthenticationFilter@4445494d, org.springframework.security.web.savedrequest.RequestCacheAwareFilter@35284541, org.springframework.security.web.servletapi.SecurityContextHolderAwareRequestFilter@8eb739, org.springframework.security.web.authentication.AnonymousAuthenticationFilter@1cdefb56, org.springframework.security.web.access.ExceptionTranslationFilter@2fe5e9f3, org.springframework.security.web.access.intercept.AuthorizationFilter@da0c286]
2024-09-08T11:13:16.904+02:00  INFO 12168 --- [restartedMain] o.s.b.d.a.OptionalLiveReloadServer       : LiveReload server is running on port 35729
2024-09-08T11:13:17.208+02:00  INFO 12168 --- [restartedMain] c.v.f.s.DefaultDeploymentConfiguration   : 
Vaadin is running in DEVELOPMENT mode - do not use for production deployments.
2024-09-08T11:13:17.271+02:00  INFO 12168 --- [restartedMain] o.s.b.w.embedded.tomcat.TomcatWebServer  : Tomcat started on port 8080 (http) with context path ''
2024-09-08T11:13:17.282+02:00  INFO 12168 --- [restartedMain] fcweb.Application                        : Started Application in 27.601 seconds (process running for 28.169)
2024-09-08T11:13:18.394+02:00  INFO 12168 --- [http-nio-8080-exec-1] o.apache.coyote.http11.Http11Processor   : Error parsing HTTP request header
 Note: further occurrences of HTTP request parsing errors will be logged at DEBUG level.

java.lang.IllegalArgumentException: Invalid character found in method name [0x160x030x010x060xf20x010x000x060xee0x030x030xbdZ0xaaO0x1aq'0xe40x9au0xbe0xf80x0dy*0xdd0xb10xbb0x090x92q0x9fH0xbf]a0x160x0f0x9c/[0x84 ]. HTTP method names must be tokens
	at org.apache.coyote.http11.Http11InputBuffer.parseRequestLine(Http11InputBuffer.java:407) ~[tomcat-embed-core-10.1.16.jar:10.1.16]
	at org.apache.coyote.http11.Http11Processor.service(Http11Processor.java:264) ~[tomcat-embed-core-10.1.16.jar:10.1.16]
	at org.apache.coyote.AbstractProcessorLight.process(AbstractProcessorLight.java:63) ~[tomcat-embed-core-10.1.16.jar:10.1.16]
	at org.apache.coyote.AbstractProtocol$ConnectionHandler.process(AbstractProtocol.java:896) ~[tomcat-embed-core-10.1.16.jar:10.1.16]
	at org.apache.tomcat.util.net.NioEndpoint$SocketProcessor.doRun(NioEndpoint.java:1744) ~[tomcat-embed-core-10.1.16.jar:10.1.16]
	at org.apache.tomcat.util.net.SocketProcessorBase.run(SocketProcessorBase.java:52) ~[tomcat-embed-core-10.1.16.jar:10.1.16]
	at org.apache.tomcat.util.threads.ThreadPoolExecutor.runWorker(ThreadPoolExecutor.java:1191) ~[tomcat-embed-core-10.1.16.jar:10.1.16]
	at org.apache.tomcat.util.threads.ThreadPoolExecutor$Worker.run(ThreadPoolExecutor.java:659) ~[tomcat-embed-core-10.1.16.jar:10.1.16]
	at org.apache.tomcat.util.threads.TaskThread$WrappingRunnable.run(TaskThread.java:61) ~[tomcat-embed-core-10.1.16.jar:10.1.16]
	at java.base/java.lang.Thread.run(Thread.java:833) ~[na:na]

2024-09-08T11:13:19.826+02:00  INFO 12168 --- [ForkJoinPool.commonPool-worker-1] c.v.f.s.frontend.TaskUpdatePackages      : using 'C:\Program Files\nodejs\npm.cmd --no-update-notifier --no-audit --scripts-prepend-node-path=true --ignore-scripts install' for frontend package installation
2024-09-08T11:14:05.021+02:00  INFO 12168 --- [ForkJoinPool.commonPool-worker-1] c.v.f.s.frontend.TaskUpdatePackages      : Frontend dependencies resolved successfully.
2024-09-08T11:14:07.588+02:00  INFO 12168 --- [ForkJoinPool.commonPool-worker-1] c.v.f.s.frontend.TaskCopyFrontendFiles   : Copying frontend resources from jar files ...
2024-09-08T11:14:07.795+02:00  INFO 12168 --- [ForkJoinPool.commonPool-worker-1] c.v.f.s.frontend.TaskCopyFrontendFiles   : Visited 34 resources. Took 206 ms.
2024-09-08T11:14:08.555+02:00  INFO 12168 --- [ForkJoinPool.commonPool-worker-1] c.v.f.s.frontend.TaskRunDevBundleBuild   : Creating a new development mode bundle. This can take a while but will only run when the project setup is changed, addons are added or frontend files are modified
2024-09-08T11:14:29.477+02:00  INFO 12168 --- [ForkJoinPool.commonPool-worker-1] c.v.f.s.frontend.TaskRunDevBundleBuild   : Development frontend bundle built
2024-09-08T11:14:42.314+02:00  INFO 12168 --- [http-nio-8080-exec-3] o.a.c.c.C.[Tomcat].[localhost].[/]       : Initializing Spring DispatcherServlet 'dispatcherServlet'
2024-09-08T11:14:42.315+02:00  INFO 12168 --- [http-nio-8080-exec-3] o.s.web.servlet.DispatcherServlet        : Initializing Servlet 'dispatcherServlet'
2024-09-08T11:14:42.318+02:00  INFO 12168 --- [http-nio-8080-exec-3] o.s.web.servlet.DispatcherServlet        : Completed initialization in 3 ms
2024-09-08T11:14:42.342+02:00  WARN 12168 --- [http-nio-8080-exec-3] o.s.w.s.h.HandlerMappingIntrospector     : Cache miss for REQUEST dispatch to '/' (previous null). Performing CorsConfiguration lookup. This is logged once only at WARN level, and every time at TRACE.
2024-09-08T11:14:42.457+02:00  INFO 12168 --- [http-nio-8080-exec-4] c.vaadin.flow.spring.SpringInstantiator  : The number of beans implementing 'I18NProvider' is 0. Cannot use Spring beans for I18N, falling back to the default behavior
2024-09-08T11:14:44.426+02:00  INFO 12168 --- [http-nio-8080-exec-9] fcweb.ui.views.login.LoginView           : resX 1920
2024-09-08T11:14:44.426+02:00  INFO 12168 --- [http-nio-8080-exec-9] fcweb.ui.views.login.LoginView           : resY 1080
2024-09-08T11:14:44.426+02:00  INFO 12168 --- [http-nio-8080-exec-9] fcweb.ui.views.login.LoginView           : Math.max 1920
2024-09-08T11:15:43.764+02:00  INFO 12168 --- [http-nio-8080-exec-7] fcweb.security.AuthenticatedUser         : Campionato: 1
2024-09-08T11:15:43.795+02:00  INFO 12168 --- [http-nio-8080-exec-7] fcweb.security.AuthenticatedUser         : CurrentGG: 3
2024-09-08T11:15:43.807+02:00  INFO 12168 --- [http-nio-8080-exec-7] common.util.Utils                        : -8 days, 
2024-09-08T11:15:43.807+02:00  INFO 12168 --- [http-nio-8080-exec-7] common.util.Utils                        : -16 hours, 
2024-09-08T11:15:43.807+02:00  INFO 12168 --- [http-nio-8080-exec-7] common.util.Utils                        : -45 minutes, 
2024-09-08T11:15:43.807+02:00  INFO 12168 --- [http-nio-8080-exec-7] common.util.Utils                        : -43 seconds
2024-09-08T11:15:43.807+02:00  INFO 12168 --- [http-nio-8080-exec-7] fcweb.security.AuthenticatedUser         : millisDiff : 0
2024-09-08T11:15:43.808+02:00  INFO 12168 --- [http-nio-8080-exec-7] fcweb.security.AuthenticatedUser         : Login DAVIDE success
2024-09-08T11:15:43.879+02:00  INFO 12168 --- [http-nio-8080-exec-7] fcweb.security.AuthenticatedUser         : Campionato: 1
2024-09-08T11:15:43.882+02:00  INFO 12168 --- [http-nio-8080-exec-7] fcweb.security.AuthenticatedUser         : CurrentGG: 3
2024-09-08T11:15:43.884+02:00  INFO 12168 --- [http-nio-8080-exec-7] common.util.Utils                        : -8 days, 
2024-09-08T11:15:43.885+02:00  INFO 12168 --- [http-nio-8080-exec-7] common.util.Utils                        : -16 hours, 
2024-09-08T11:15:43.885+02:00  INFO 12168 --- [http-nio-8080-exec-7] common.util.Utils                        : -45 minutes, 
2024-09-08T11:15:43.885+02:00  INFO 12168 --- [http-nio-8080-exec-7] common.util.Utils                        : -43 seconds
2024-09-08T11:15:43.885+02:00  INFO 12168 --- [http-nio-8080-exec-7] fcweb.security.AuthenticatedUser         : millisDiff : 0
2024-09-08T11:15:43.885+02:00  INFO 12168 --- [http-nio-8080-exec-7] fcweb.security.AuthenticatedUser         : Login DAVIDE success
2024-09-08T11:15:43.910+02:00  INFO 12168 --- [http-nio-8080-exec-7] fcweb.ui.views.seriea.HomeView           : HomeView()
2024-09-08T11:15:43.911+02:00  INFO 12168 --- [http-nio-8080-exec-7] fcweb.ui.views.seriea.HomeView           : init
2024-09-08T11:15:43.911+02:00  INFO 12168 --- [http-nio-8080-exec-7] common.util.Utils                        : isValidVaadinSession = true 
2024-09-08T11:15:43.973+02:00 ERROR 12168 --- [http-nio-8080-exec-7] o.h.engine.jdbc.spi.SqlExceptionHelper   : Duplicate entry '1' for key 'PRIMARY'
2024-09-08T11:15:43.982+02:00 ERROR 12168 --- [http-nio-8080-exec-7] fcweb.backend.service.AccessoService     : could not execute statement [Duplicate entry '1' for key 'PRIMARY'] [insert into fc_accesso (data,id_attore,id_campionato,note,id) values (?,?,?,?,?)]; SQL [insert into fc_accesso (data,id_attore,id_campionato,note,id) values (?,?,?,?,?)]; constraint [PRIMARY]
2024-09-08T11:15:43.983+02:00  INFO 12168 --- [http-nio-8080-exec-7] fcweb.backend.service.AccessoService     : now : 2024-09-08T11:15:43.911910200 attore DAVIDE note fcweb.ui.views.seriea.HomeView
2024-09-08T11:15:44.114+02:00  INFO 12168 --- [http-nio-8080-exec-7] fcweb.ui.views.seriea.HomeView           : millisDiff 0
2024-09-08T11:15:44.128+02:00  INFO 12168 --- [http-nio-8080-exec-7] fcweb.ui.views.seriea.HomeView           : from 1
2024-09-08T11:15:44.128+02:00  INFO 12168 --- [http-nio-8080-exec-7] fcweb.ui.views.seriea.HomeView           : to 19
2024-09-08T11:15:50.336+02:00  INFO 12168 --- [http-nio-8080-exec-3] fcweb.ui.views.admin.FcAccessoView       : FcAccessoView()
2024-09-08T11:15:50.339+02:00  INFO 12168 --- [http-nio-8080-exec-3] fcweb.ui.views.admin.FcAccessoView       : init
2024-09-08T11:15:50.339+02:00  INFO 12168 --- [http-nio-8080-exec-3] common.util.Utils                        : isValidVaadinSession = true 
2024-09-08T11:15:50.349+02:00 ERROR 12168 --- [http-nio-8080-exec-3] o.h.engine.jdbc.spi.SqlExceptionHelper   : Duplicate entry '2' for key 'PRIMARY'
2024-09-08T11:15:50.351+02:00 ERROR 12168 --- [http-nio-8080-exec-3] fcweb.backend.service.AccessoService     : could not execute statement [Duplicate entry '2' for key 'PRIMARY'] [insert into fc_accesso (data,id_attore,id_campionato,note,id) values (?,?,?,?,?)]; SQL [insert into fc_accesso (data,id_attore,id_campionato,note,id) values (?,?,?,?,?)]; constraint [PRIMARY]
2024-09-08T11:15:50.351+02:00  INFO 12168 --- [http-nio-8080-exec-3] fcweb.backend.service.AccessoService     : now : 2024-09-08T11:15:50.340731600 attore DAVIDE note fcweb.ui.views.admin.FcAccessoView
2024-09-08T11:15:51.897+02:00  INFO 12168 --- [http-nio-8080-exec-8] f.u.v.a.FcCalendarioCompetizioneView     : FcCalendarioCompetizioneView()
2024-09-08T11:15:51.899+02:00  INFO 12168 --- [http-nio-8080-exec-8] f.u.v.a.FcCalendarioCompetizioneView     : init
2024-09-08T11:15:51.899+02:00  INFO 12168 --- [http-nio-8080-exec-8] common.util.Utils                        : isValidVaadinSession = true 
2024-09-08T11:15:51.906+02:00 ERROR 12168 --- [http-nio-8080-exec-8] o.h.engine.jdbc.spi.SqlExceptionHelper   : Duplicate entry '3' for key 'PRIMARY'
2024-09-08T11:15:51.908+02:00 ERROR 12168 --- [http-nio-8080-exec-8] fcweb.backend.service.AccessoService     : could not execute statement [Duplicate entry '3' for key 'PRIMARY'] [insert into fc_accesso (data,id_attore,id_campionato,note,id) values (?,?,?,?,?)]; SQL [insert into fc_accesso (data,id_attore,id_campionato,note,id) values (?,?,?,?,?)]; constraint [PRIMARY]
2024-09-08T11:15:51.908+02:00  INFO 12168 --- [http-nio-8080-exec-8] fcweb.backend.service.AccessoService     : now : 2024-09-08T11:15:51.899673500 attore DAVIDE note fcweb.ui.views.admin.FcCalendarioCompetizioneView
2024-09-08T11:15:54.607+02:00  INFO 12168 --- [http-nio-8080-exec-4] fcweb.ui.views.admin.FcSquadraView       : FcSquadraView()
2024-09-08T11:15:54.608+02:00  INFO 12168 --- [http-nio-8080-exec-4] fcweb.ui.views.admin.FcSquadraView       : init
2024-09-08T11:15:54.608+02:00  INFO 12168 --- [http-nio-8080-exec-4] common.util.Utils                        : isValidVaadinSession = true 
2024-09-08T11:15:54.615+02:00 ERROR 12168 --- [http-nio-8080-exec-4] o.h.engine.jdbc.spi.SqlExceptionHelper   : Duplicate entry '4' for key 'PRIMARY'
2024-09-08T11:15:54.617+02:00 ERROR 12168 --- [http-nio-8080-exec-4] fcweb.backend.service.AccessoService     : could not execute statement [Duplicate entry '4' for key 'PRIMARY'] [insert into fc_accesso (data,id_attore,id_campionato,note,id) values (?,?,?,?,?)]; SQL [insert into fc_accesso (data,id_attore,id_campionato,note,id) values (?,?,?,?,?)]; constraint [PRIMARY]
2024-09-08T11:15:54.617+02:00  INFO 12168 --- [http-nio-8080-exec-4] fcweb.backend.service.AccessoService     : now : 2024-09-08T11:15:54.609877900 attore DAVIDE note fcweb.ui.views.admin.FcSquadraView
2024-09-08T11:15:55.782+02:00  INFO 12168 --- [http-nio-8080-exec-8] fcweb.ui.views.admin.FcCampionatoView    : FcCampionatoView()
2024-09-08T11:15:55.782+02:00  INFO 12168 --- [http-nio-8080-exec-8] fcweb.ui.views.admin.FcCampionatoView    : init
2024-09-08T11:15:55.783+02:00  INFO 12168 --- [http-nio-8080-exec-8] common.util.Utils                        : isValidVaadinSession = true 
2024-09-08T11:15:55.786+02:00 ERROR 12168 --- [http-nio-8080-exec-8] o.h.engine.jdbc.spi.SqlExceptionHelper   : Duplicate entry '5' for key 'PRIMARY'
2024-09-08T11:15:55.787+02:00 ERROR 12168 --- [http-nio-8080-exec-8] fcweb.backend.service.AccessoService     : could not execute statement [Duplicate entry '5' for key 'PRIMARY'] [insert into fc_accesso (data,id_attore,id_campionato,note,id) values (?,?,?,?,?)]; SQL [insert into fc_accesso (data,id_attore,id_campionato,note,id) values (?,?,?,?,?)]; constraint [PRIMARY]
2024-09-08T11:15:55.787+02:00  INFO 12168 --- [http-nio-8080-exec-8] fcweb.backend.service.AccessoService     : now : 2024-09-08T11:15:55.783354200 attore DAVIDE note fcweb.ui.views.admin.FcCampionatoView
2024-09-08T11:15:56.908+02:00  INFO 12168 --- [http-nio-8080-exec-2] fcweb.ui.views.admin.FcExpStatView       : FcExpStatView()
2024-09-08T11:15:56.911+02:00  INFO 12168 --- [http-nio-8080-exec-2] fcweb.ui.views.admin.FcExpStatView       : init
2024-09-08T11:15:56.911+02:00  INFO 12168 --- [http-nio-8080-exec-2] common.util.Utils                        : isValidVaadinSession = true 
2024-09-08T11:15:56.919+02:00 ERROR 12168 --- [http-nio-8080-exec-2] o.h.engine.jdbc.spi.SqlExceptionHelper   : Duplicate entry '6' for key 'PRIMARY'
2024-09-08T11:15:56.922+02:00 ERROR 12168 --- [http-nio-8080-exec-2] fcweb.backend.service.AccessoService     : could not execute statement [Duplicate entry '6' for key 'PRIMARY'] [insert into fc_accesso (data,id_attore,id_campionato,note,id) values (?,?,?,?,?)]; SQL [insert into fc_accesso (data,id_attore,id_campionato,note,id) values (?,?,?,?,?)]; constraint [PRIMARY]
2024-09-08T11:15:56.922+02:00  INFO 12168 --- [http-nio-8080-exec-2] fcweb.backend.service.AccessoService     : now : 2024-09-08T11:15:56.911902600 attore DAVIDE note fcweb.ui.views.admin.FcExpStatView
2024-09-08T11:15:58.225+02:00  INFO 12168 --- [http-nio-8080-exec-5] fcweb.ui.views.admin.FcPagelleView       : FcPagelleView()
2024-09-08T11:15:58.226+02:00  INFO 12168 --- [http-nio-8080-exec-5] fcweb.ui.views.admin.FcPagelleView       : init
2024-09-08T11:15:58.226+02:00  INFO 12168 --- [http-nio-8080-exec-5] common.util.Utils                        : isValidVaadinSession = true 
2024-09-08T11:15:58.229+02:00 ERROR 12168 --- [http-nio-8080-exec-5] o.h.engine.jdbc.spi.SqlExceptionHelper   : Duplicate entry '7' for key 'PRIMARY'
2024-09-08T11:15:58.230+02:00 ERROR 12168 --- [http-nio-8080-exec-5] fcweb.backend.service.AccessoService     : could not execute statement [Duplicate entry '7' for key 'PRIMARY'] [insert into fc_accesso (data,id_attore,id_campionato,note,id) values (?,?,?,?,?)]; SQL [insert into fc_accesso (data,id_attore,id_campionato,note,id) values (?,?,?,?,?)]; constraint [PRIMARY]
2024-09-08T11:15:58.231+02:00  INFO 12168 --- [http-nio-8080-exec-5] fcweb.backend.service.AccessoService     : now : 2024-09-08T11:15:58.226740700 attore DAVIDE note fcweb.ui.views.admin.FcPagelleView
2024-09-08T11:16:07.791+02:00  INFO 12168 --- [http-nio-8080-exec-9] fcweb.ui.views.admin.FcMercatoDettView   : FcMercatoDettView()
2024-09-08T11:16:07.793+02:00  INFO 12168 --- [http-nio-8080-exec-9] fcweb.ui.views.admin.FcMercatoDettView   : init
2024-09-08T11:16:07.794+02:00  INFO 12168 --- [http-nio-8080-exec-9] common.util.Utils                        : isValidVaadinSession = true 
2024-09-08T11:16:07.800+02:00 ERROR 12168 --- [http-nio-8080-exec-9] o.h.engine.jdbc.spi.SqlExceptionHelper   : Duplicate entry '8' for key 'PRIMARY'
2024-09-08T11:16:07.802+02:00 ERROR 12168 --- [http-nio-8080-exec-9] fcweb.backend.service.AccessoService     : could not execute statement [Duplicate entry '8' for key 'PRIMARY'] [insert into fc_accesso (data,id_attore,id_campionato,note,id) values (?,?,?,?,?)]; SQL [insert into fc_accesso (data,id_attore,id_campionato,note,id) values (?,?,?,?,?)]; constraint [PRIMARY]
2024-09-08T11:16:07.802+02:00  INFO 12168 --- [http-nio-8080-exec-9] fcweb.backend.service.AccessoService     : now : 2024-09-08T11:16:07.794637100 attore DAVIDE note fcweb.ui.views.admin.FcMercatoDettView
2024-09-08T11:16:09.052+02:00  INFO 12168 --- [http-nio-8080-exec-1] fcweb.ui.views.admin.FcClassificaView    : FcClassificaView()
2024-09-08T11:16:09.055+02:00  INFO 12168 --- [http-nio-8080-exec-1] fcweb.ui.views.admin.FcClassificaView    : init
2024-09-08T11:16:09.055+02:00  INFO 12168 --- [http-nio-8080-exec-1] common.util.Utils                        : isValidVaadinSession = true 
2024-09-08T11:16:09.064+02:00 ERROR 12168 --- [http-nio-8080-exec-1] o.h.engine.jdbc.spi.SqlExceptionHelper   : Duplicate entry '9' for key 'PRIMARY'
2024-09-08T11:16:09.066+02:00 ERROR 12168 --- [http-nio-8080-exec-1] fcweb.backend.service.AccessoService     : could not execute statement [Duplicate entry '9' for key 'PRIMARY'] [insert into fc_accesso (data,id_attore,id_campionato,note,id) values (?,?,?,?,?)]; SQL [insert into fc_accesso (data,id_attore,id_campionato,note,id) values (?,?,?,?,?)]; constraint [PRIMARY]
2024-09-08T11:16:09.067+02:00  INFO 12168 --- [http-nio-8080-exec-1] fcweb.backend.service.AccessoService     : now : 2024-09-08T11:16:09.056288100 attore DAVIDE note fcweb.ui.views.admin.FcClassificaView
2024-09-08T11:16:09.715+02:00  INFO 12168 --- [http-nio-8080-exec-4] fcweb.ui.views.admin.FcFormazioneView    : FcFormazioneView()
2024-09-08T11:16:09.717+02:00  INFO 12168 --- [http-nio-8080-exec-4] fcweb.ui.views.admin.FcFormazioneView    : init
2024-09-08T11:16:09.717+02:00  INFO 12168 --- [http-nio-8080-exec-4] common.util.Utils                        : isValidVaadinSession = true 
2024-09-08T11:16:09.718+02:00 ERROR 12168 --- [http-nio-8080-exec-4] o.h.engine.jdbc.spi.SqlExceptionHelper   : Duplicate entry '10' for key 'PRIMARY'
2024-09-08T11:16:09.719+02:00 ERROR 12168 --- [http-nio-8080-exec-4] fcweb.backend.service.AccessoService     : could not execute statement [Duplicate entry '10' for key 'PRIMARY'] [insert into fc_accesso (data,id_attore,id_campionato,note,id) values (?,?,?,?,?)]; SQL [insert into fc_accesso (data,id_attore,id_campionato,note,id) values (?,?,?,?,?)]; constraint [PRIMARY]
2024-09-08T11:16:09.719+02:00  INFO 12168 --- [http-nio-8080-exec-4] fcweb.backend.service.AccessoService     : now : 2024-09-08T11:16:09.717016900 attore DAVIDE note fcweb.ui.views.admin.FcFormazioneView
2024-09-08T11:16:10.720+02:00  INFO 12168 --- [http-nio-8080-exec-2] f.ui.views.admin.FcGiornataDettView      : FcGiornataDettView()
2024-09-08T11:16:10.721+02:00  INFO 12168 --- [http-nio-8080-exec-2] f.ui.views.admin.FcGiornataDettView      : init
2024-09-08T11:16:10.721+02:00  INFO 12168 --- [http-nio-8080-exec-2] common.util.Utils                        : isValidVaadinSession = true 
2024-09-08T11:16:10.726+02:00 ERROR 12168 --- [http-nio-8080-exec-2] o.h.engine.jdbc.spi.SqlExceptionHelper   : Duplicate entry '11' for key 'PRIMARY'
2024-09-08T11:16:10.727+02:00 ERROR 12168 --- [http-nio-8080-exec-2] fcweb.backend.service.AccessoService     : could not execute statement [Duplicate entry '11' for key 'PRIMARY'] [insert into fc_accesso (data,id_attore,id_campionato,note,id) values (?,?,?,?,?)]; SQL [insert into fc_accesso (data,id_attore,id_campionato,note,id) values (?,?,?,?,?)]; constraint [PRIMARY]
2024-09-08T11:16:10.727+02:00  INFO 12168 --- [http-nio-8080-exec-2] fcweb.backend.service.AccessoService     : now : 2024-09-08T11:16:10.721365200 attore DAVIDE note fcweb.ui.views.admin.FcGiornataDettView
2024-09-08T11:16:11.708+02:00  INFO 12168 --- [http-nio-8080-exec-5] fcweb.ui.views.admin.FcGiornataView      : FcGiornataView()
2024-09-08T11:16:11.709+02:00  INFO 12168 --- [http-nio-8080-exec-5] fcweb.ui.views.admin.FcGiornataView      : init
2024-09-08T11:16:11.709+02:00  INFO 12168 --- [http-nio-8080-exec-5] common.util.Utils                        : isValidVaadinSession = true 
2024-09-08T11:16:11.714+02:00 ERROR 12168 --- [http-nio-8080-exec-5] o.h.engine.jdbc.spi.SqlExceptionHelper   : Duplicate entry '12' for key 'PRIMARY'
2024-09-08T11:16:11.715+02:00 ERROR 12168 --- [http-nio-8080-exec-5] fcweb.backend.service.AccessoService     : could not execute statement [Duplicate entry '12' for key 'PRIMARY'] [insert into fc_accesso (data,id_attore,id_campionato,note,id) values (?,?,?,?,?)]; SQL [insert into fc_accesso (data,id_attore,id_campionato,note,id) values (?,?,?,?,?)]; constraint [PRIMARY]
2024-09-08T11:16:11.715+02:00  INFO 12168 --- [http-nio-8080-exec-5] fcweb.backend.service.AccessoService     : now : 2024-09-08T11:16:11.709784800 attore DAVIDE note fcweb.ui.views.admin.FcGiornataView
2024-09-08T11:16:12.439+02:00  INFO 12168 --- [http-nio-8080-exec-9] f.ui.views.admin.FcGiornataInfoView      : FcGiornataInfoView()
2024-09-08T11:16:12.442+02:00  INFO 12168 --- [http-nio-8080-exec-9] f.ui.views.admin.FcGiornataInfoView      : init
2024-09-08T11:16:12.442+02:00  INFO 12168 --- [http-nio-8080-exec-9] common.util.Utils                        : isValidVaadinSession = true 
2024-09-08T11:16:12.448+02:00 ERROR 12168 --- [http-nio-8080-exec-9] o.h.engine.jdbc.spi.SqlExceptionHelper   : Duplicate entry '13' for key 'PRIMARY'
2024-09-08T11:16:12.449+02:00 ERROR 12168 --- [http-nio-8080-exec-9] fcweb.backend.service.AccessoService     : could not execute statement [Duplicate entry '13' for key 'PRIMARY'] [insert into fc_accesso (data,id_attore,id_campionato,note,id) values (?,?,?,?,?)]; SQL [insert into fc_accesso (data,id_attore,id_campionato,note,id) values (?,?,?,?,?)]; constraint [PRIMARY]
2024-09-08T11:16:12.449+02:00  INFO 12168 --- [http-nio-8080-exec-9] fcweb.backend.service.AccessoService     : now : 2024-09-08T11:16:12.442690200 attore DAVIDE note fcweb.ui.views.admin.FcGiornataInfoView
2024-09-08T11:16:13.025+02:00  INFO 12168 --- [http-nio-8080-exec-1] fcweb.ui.views.admin.FcGiocatoreView     : FcGiocatoreView()
2024-09-08T11:16:13.026+02:00  INFO 12168 --- [http-nio-8080-exec-1] fcweb.ui.views.admin.FcGiocatoreView     : init
2024-09-08T11:16:13.026+02:00  INFO 12168 --- [http-nio-8080-exec-1] common.util.Utils                        : isValidVaadinSession = true 
2024-09-08T11:16:13.028+02:00 ERROR 12168 --- [http-nio-8080-exec-1] o.h.engine.jdbc.spi.SqlExceptionHelper   : Duplicate entry '14' for key 'PRIMARY'
2024-09-08T11:16:13.029+02:00 ERROR 12168 --- [http-nio-8080-exec-1] fcweb.backend.service.AccessoService     : could not execute statement [Duplicate entry '14' for key 'PRIMARY'] [insert into fc_accesso (data,id_attore,id_campionato,note,id) values (?,?,?,?,?)]; SQL [insert into fc_accesso (data,id_attore,id_campionato,note,id) values (?,?,?,?,?)]; constraint [PRIMARY]
2024-09-08T11:16:13.029+02:00  INFO 12168 --- [http-nio-8080-exec-1] fcweb.backend.service.AccessoService     : now : 2024-09-08T11:16:13.026661600 attore DAVIDE note fcweb.ui.views.admin.FcGiocatoreView
2024-09-08T11:16:15.557+02:00  INFO 12168 --- [http-nio-8080-exec-1] fcweb.ui.views.admin.FcUserView          : FcUserView()
2024-09-08T11:16:15.557+02:00  INFO 12168 --- [http-nio-8080-exec-1] fcweb.ui.views.admin.FcUserView          : init
2024-09-08T11:16:15.557+02:00  INFO 12168 --- [http-nio-8080-exec-1] common.util.Utils                        : isValidVaadinSession = true 
2024-09-08T11:16:15.563+02:00 ERROR 12168 --- [http-nio-8080-exec-1] o.h.engine.jdbc.spi.SqlExceptionHelper   : Duplicate entry '15' for key 'PRIMARY'
2024-09-08T11:16:15.564+02:00 ERROR 12168 --- [http-nio-8080-exec-1] fcweb.backend.service.AccessoService     : could not execute statement [Duplicate entry '15' for key 'PRIMARY'] [insert into fc_accesso (data,id_attore,id_campionato,note,id) values (?,?,?,?,?)]; SQL [insert into fc_accesso (data,id_attore,id_campionato,note,id) values (?,?,?,?,?)]; constraint [PRIMARY]
2024-09-08T11:16:15.565+02:00  INFO 12168 --- [http-nio-8080-exec-1] fcweb.backend.service.AccessoService     : now : 2024-09-08T11:16:15.558029900 attore DAVIDE note fcweb.ui.views.admin.FcUserView
2024-09-08T11:16:22.708+02:00  INFO 12168 --- [http-nio-8080-exec-4] fcweb.ui.views.admin.FcPropertiesView    : FcPropertiesView()
2024-09-08T11:16:22.709+02:00  INFO 12168 --- [http-nio-8080-exec-4] fcweb.ui.views.admin.FcPropertiesView    : init
2024-09-08T11:16:22.709+02:00  INFO 12168 --- [http-nio-8080-exec-4] common.util.Utils                        : isValidVaadinSession = true 
2024-09-08T11:16:22.712+02:00 ERROR 12168 --- [http-nio-8080-exec-4] o.h.engine.jdbc.spi.SqlExceptionHelper   : Duplicate entry '16' for key 'PRIMARY'
2024-09-08T11:16:22.713+02:00 ERROR 12168 --- [http-nio-8080-exec-4] fcweb.backend.service.AccessoService     : could not execute statement [Duplicate entry '16' for key 'PRIMARY'] [insert into fc_accesso (data,id_attore,id_campionato,note,id) values (?,?,?,?,?)]; SQL [insert into fc_accesso (data,id_attore,id_campionato,note,id) values (?,?,?,?,?)]; constraint [PRIMARY]
2024-09-08T11:16:22.713+02:00  INFO 12168 --- [http-nio-8080-exec-4] fcweb.backend.service.AccessoService     : now : 2024-09-08T11:16:22.709096900 attore DAVIDE note fcweb.ui.views.admin.FcPropertiesView
2024-09-08T11:16:23.491+02:00  INFO 12168 --- [http-nio-8080-exec-7] fcweb.ui.views.seriea.FreePlayersView    : FreePlayersView
2024-09-08T11:16:23.492+02:00  INFO 12168 --- [http-nio-8080-exec-7] fcweb.ui.views.seriea.FreePlayersView    : init
2024-09-08T11:16:23.492+02:00  INFO 12168 --- [http-nio-8080-exec-7] common.util.Utils                        : isValidVaadinSession = true 
2024-09-08T11:16:23.495+02:00 ERROR 12168 --- [http-nio-8080-exec-7] o.h.engine.jdbc.spi.SqlExceptionHelper   : Duplicate entry '17' for key 'PRIMARY'
2024-09-08T11:16:23.495+02:00 ERROR 12168 --- [http-nio-8080-exec-7] fcweb.backend.service.AccessoService     : could not execute statement [Duplicate entry '17' for key 'PRIMARY'] [insert into fc_accesso (data,id_attore,id_campionato,note,id) values (?,?,?,?,?)]; SQL [insert into fc_accesso (data,id_attore,id_campionato,note,id) values (?,?,?,?,?)]; constraint [PRIMARY]
2024-09-08T11:16:23.495+02:00  INFO 12168 --- [http-nio-8080-exec-7] fcweb.backend.service.AccessoService     : now : 2024-09-08T11:16:23.492235800 attore DAVIDE note fcweb.ui.views.seriea.FreePlayersView
2024-09-08T11:16:23.507+02:00  INFO 12168 --- [http-nio-8080-exec-7] fcweb.ui.views.seriea.FreePlayersView    : START getModelAsta P
2024-09-08T11:16:23.540+02:00  INFO 12168 --- [http-nio-8080-exec-7] fcweb.ui.views.seriea.FreePlayersView    : END getModelAsta P
2024-09-08T11:16:23.555+02:00  INFO 12168 --- [http-nio-8080-exec-7] fcweb.ui.views.seriea.FreePlayersView    : START getModelAsta D
2024-09-08T11:16:23.613+02:00  INFO 12168 --- [http-nio-8080-exec-7] fcweb.ui.views.seriea.FreePlayersView    : END getModelAsta D
2024-09-08T11:16:23.617+02:00  INFO 12168 --- [http-nio-8080-exec-7] fcweb.ui.views.seriea.FreePlayersView    : START getModelAsta C
2024-09-08T11:16:23.671+02:00  INFO 12168 --- [http-nio-8080-exec-7] fcweb.ui.views.seriea.FreePlayersView    : END getModelAsta C
2024-09-08T11:16:23.676+02:00  INFO 12168 --- [http-nio-8080-exec-7] fcweb.ui.views.seriea.FreePlayersView    : START getModelAsta A
2024-09-08T11:16:23.710+02:00  INFO 12168 --- [http-nio-8080-exec-7] fcweb.ui.views.seriea.FreePlayersView    : END getModelAsta A
2024-09-08T11:16:24.938+02:00  WARN 12168 --- [http-nio-8080-exec-5] o.a.poi.xssf.usermodel.XSSFWorkbook      : Cloning sheets with page setup is not yet supported.
2024-09-08T11:16:27.185+02:00  INFO 12168 --- [http-nio-8080-exec-10] fcweb.security.AuthenticatedUser         : Campionato: 1
2024-09-08T11:16:27.187+02:00  INFO 12168 --- [http-nio-8080-exec-10] fcweb.security.AuthenticatedUser         : CurrentGG: 3
2024-09-08T11:16:27.190+02:00  INFO 12168 --- [http-nio-8080-exec-10] common.util.Utils                        : -8 days, 
2024-09-08T11:16:27.190+02:00  INFO 12168 --- [http-nio-8080-exec-10] common.util.Utils                        : -16 hours, 
2024-09-08T11:16:27.190+02:00  INFO 12168 --- [http-nio-8080-exec-10] common.util.Utils                        : -46 minutes, 
2024-09-08T11:16:27.190+02:00  INFO 12168 --- [http-nio-8080-exec-10] common.util.Utils                        : -27 seconds
2024-09-08T11:16:27.190+02:00  INFO 12168 --- [http-nio-8080-exec-10] fcweb.security.AuthenticatedUser         : millisDiff : 0
2024-09-08T11:16:27.190+02:00  INFO 12168 --- [http-nio-8080-exec-10] fcweb.security.AuthenticatedUser         : Login DAVIDE success
2024-09-08T11:16:27.205+02:00  INFO 12168 --- [http-nio-8080-exec-10] fcweb.security.AuthenticatedUser         : Campionato: 1
2024-09-08T11:16:27.207+02:00  INFO 12168 --- [http-nio-8080-exec-10] fcweb.security.AuthenticatedUser         : CurrentGG: 3
2024-09-08T11:16:27.208+02:00  INFO 12168 --- [http-nio-8080-exec-10] common.util.Utils                        : -8 days, 
2024-09-08T11:16:27.208+02:00  INFO 12168 --- [http-nio-8080-exec-10] common.util.Utils                        : -16 hours, 
2024-09-08T11:16:27.208+02:00  INFO 12168 --- [http-nio-8080-exec-10] common.util.Utils                        : -46 minutes, 
2024-09-08T11:16:27.208+02:00  INFO 12168 --- [http-nio-8080-exec-10] common.util.Utils                        : -27 seconds
2024-09-08T11:16:27.208+02:00  INFO 12168 --- [http-nio-8080-exec-10] fcweb.security.AuthenticatedUser         : millisDiff : 0
2024-09-08T11:16:27.208+02:00  INFO 12168 --- [http-nio-8080-exec-10] fcweb.security.AuthenticatedUser         : Login DAVIDE success
2024-09-08T11:16:27.210+02:00  INFO 12168 --- [http-nio-8080-exec-10] fcweb.ui.views.seriea.HomeView           : HomeView()
2024-09-08T11:16:27.210+02:00  INFO 12168 --- [http-nio-8080-exec-10] fcweb.ui.views.seriea.HomeView           : init
2024-09-08T11:16:27.210+02:00  INFO 12168 --- [http-nio-8080-exec-10] common.util.Utils                        : isValidVaadinSession = true 
2024-09-08T11:16:27.213+02:00 ERROR 12168 --- [http-nio-8080-exec-10] o.h.engine.jdbc.spi.SqlExceptionHelper   : Duplicate entry '18' for key 'PRIMARY'
2024-09-08T11:16:27.213+02:00 ERROR 12168 --- [http-nio-8080-exec-10] fcweb.backend.service.AccessoService     : could not execute statement [Duplicate entry '18' for key 'PRIMARY'] [insert into fc_accesso (data,id_attore,id_campionato,note,id) values (?,?,?,?,?)]; SQL [insert into fc_accesso (data,id_attore,id_campionato,note,id) values (?,?,?,?,?)]; constraint [PRIMARY]
2024-09-08T11:16:27.213+02:00  INFO 12168 --- [http-nio-8080-exec-10] fcweb.backend.service.AccessoService     : now : 2024-09-08T11:16:27.210427200 attore DAVIDE note fcweb.ui.views.seriea.HomeView
2024-09-08T11:16:27.236+02:00  INFO 12168 --- [http-nio-8080-exec-10] fcweb.ui.views.seriea.HomeView           : millisDiff 0
2024-09-08T11:16:27.239+02:00  INFO 12168 --- [http-nio-8080-exec-10] fcweb.ui.views.seriea.HomeView           : from 1
2024-09-08T11:16:27.239+02:00  INFO 12168 --- [http-nio-8080-exec-10] fcweb.ui.views.seriea.HomeView           : to 19
2024-09-08T11:16:28.959+02:00  INFO 12168 --- [http-nio-8080-exec-3] fcweb.ui.views.seriea.SquadreView        : SquadreView()
2024-09-08T11:16:28.961+02:00  INFO 12168 --- [http-nio-8080-exec-3] fcweb.ui.views.seriea.SquadreView        : init
2024-09-08T11:16:28.962+02:00  INFO 12168 --- [http-nio-8080-exec-3] common.util.Utils                        : isValidVaadinSession = true 
2024-09-08T11:16:28.968+02:00 ERROR 12168 --- [http-nio-8080-exec-3] o.h.engine.jdbc.spi.SqlExceptionHelper   : Duplicate entry '19' for key 'PRIMARY'
2024-09-08T11:16:28.971+02:00 ERROR 12168 --- [http-nio-8080-exec-3] fcweb.backend.service.AccessoService     : could not execute statement [Duplicate entry '19' for key 'PRIMARY'] [insert into fc_accesso (data,id_attore,id_campionato,note,id) values (?,?,?,?,?)]; SQL [insert into fc_accesso (data,id_attore,id_campionato,note,id) values (?,?,?,?,?)]; constraint [PRIMARY]
2024-09-08T11:16:28.971+02:00  INFO 12168 --- [http-nio-8080-exec-3] fcweb.backend.service.AccessoService     : now : 2024-09-08T11:16:28.962691700 attore DAVIDE note fcweb.ui.views.seriea.SquadreView
2024-09-08T11:16:37.856+02:00  INFO 12168 --- [http-nio-8080-exec-5] fcweb.ui.views.seriea.TeamInsertView     : init
2024-09-08T11:16:37.857+02:00  INFO 12168 --- [http-nio-8080-exec-5] common.util.Utils                        : isValidVaadinSession = true 
2024-09-08T11:16:37.860+02:00 ERROR 12168 --- [http-nio-8080-exec-5] o.h.engine.jdbc.spi.SqlExceptionHelper   : Duplicate entry '20' for key 'PRIMARY'
2024-09-08T11:16:37.861+02:00 ERROR 12168 --- [http-nio-8080-exec-5] fcweb.backend.service.AccessoService     : could not execute statement [Duplicate entry '20' for key 'PRIMARY'] [insert into fc_accesso (data,id_attore,id_campionato,note,id) values (?,?,?,?,?)]; SQL [insert into fc_accesso (data,id_attore,id_campionato,note,id) values (?,?,?,?,?)]; constraint [PRIMARY]
2024-09-08T11:16:37.861+02:00  INFO 12168 --- [http-nio-8080-exec-5] fcweb.backend.service.AccessoService     : now : 2024-09-08T11:16:37.857487500 attore DAVIDE note fcweb.ui.views.seriea.TeamInsertView
2024-09-08T11:16:37.895+02:00  INFO 12168 --- [http-nio-8080-exec-5] fcweb.ui.views.seriea.TeamInsertView     : loadFcGiornatadett
2024-09-08T11:16:38.033+02:00  INFO 12168 --- [http-nio-8080-exec-5] fcweb.ui.views.seriea.TeamInsertView     : showMessageStopInsert
2024-09-08T11:16:41.541+02:00  INFO 12168 --- [http-nio-8080-exec-8] f.ui.views.seriea.TeamInsertMobileView   : init
2024-09-08T11:16:41.541+02:00  INFO 12168 --- [http-nio-8080-exec-8] common.util.Utils                        : isValidVaadinSession = true 
2024-09-08T11:16:41.544+02:00 ERROR 12168 --- [http-nio-8080-exec-8] o.h.engine.jdbc.spi.SqlExceptionHelper   : Duplicate entry '21' for key 'PRIMARY'
2024-09-08T11:16:41.545+02:00 ERROR 12168 --- [http-nio-8080-exec-8] fcweb.backend.service.AccessoService     : could not execute statement [Duplicate entry '21' for key 'PRIMARY'] [insert into fc_accesso (data,id_attore,id_campionato,note,id) values (?,?,?,?,?)]; SQL [insert into fc_accesso (data,id_attore,id_campionato,note,id) values (?,?,?,?,?)]; constraint [PRIMARY]
2024-09-08T11:16:41.545+02:00  INFO 12168 --- [http-nio-8080-exec-8] fcweb.backend.service.AccessoService     : now : 2024-09-08T11:16:41.542914900 attore DAVIDE note fcweb.ui.views.seriea.TeamInsertMobileView
2024-09-08T11:16:41.580+02:00  INFO 12168 --- [http-nio-8080-exec-8] f.ui.views.seriea.TeamInsertMobileView   : loadFcGiornatadett
2024-09-08T11:16:41.655+02:00  INFO 12168 --- [http-nio-8080-exec-8] f.ui.views.seriea.TeamInsertMobileView   : showMessageStopInsert
2024-09-08T11:16:42.087+02:00  INFO 12168 --- [http-nio-8080-exec-7] f.ui.views.seriea.TeamInsertMobileView   : resX 1920
2024-09-08T11:16:42.087+02:00  INFO 12168 --- [http-nio-8080-exec-7] f.ui.views.seriea.TeamInsertMobileView   : resY 1080
2024-09-08T11:16:42.087+02:00  INFO 12168 --- [http-nio-8080-exec-7] f.ui.views.seriea.TeamInsertMobileView   : Math.max 1920
2024-09-08T11:16:45.210+02:00  INFO 12168 --- [http-nio-8080-exec-3] fcweb.security.AuthenticatedUser         : Campionato: 1
2024-09-08T11:16:45.212+02:00  INFO 12168 --- [http-nio-8080-exec-3] fcweb.security.AuthenticatedUser         : CurrentGG: 3
2024-09-08T11:16:45.213+02:00  INFO 12168 --- [http-nio-8080-exec-3] common.util.Utils                        : -8 days, 
2024-09-08T11:16:45.214+02:00  INFO 12168 --- [http-nio-8080-exec-3] common.util.Utils                        : -16 hours, 
2024-09-08T11:16:45.214+02:00  INFO 12168 --- [http-nio-8080-exec-3] common.util.Utils                        : -46 minutes, 
2024-09-08T11:16:45.214+02:00  INFO 12168 --- [http-nio-8080-exec-3] common.util.Utils                        : -45 seconds
2024-09-08T11:16:45.214+02:00  INFO 12168 --- [http-nio-8080-exec-3] fcweb.security.AuthenticatedUser         : millisDiff : 0
2024-09-08T11:16:45.214+02:00  INFO 12168 --- [http-nio-8080-exec-3] fcweb.security.AuthenticatedUser         : Login DAVIDE success
2024-09-08T11:16:45.230+02:00  INFO 12168 --- [http-nio-8080-exec-3] fcweb.security.AuthenticatedUser         : Campionato: 1
2024-09-08T11:16:45.232+02:00  INFO 12168 --- [http-nio-8080-exec-3] fcweb.security.AuthenticatedUser         : CurrentGG: 3
2024-09-08T11:16:45.236+02:00  INFO 12168 --- [http-nio-8080-exec-3] common.util.Utils                        : -8 days, 
2024-09-08T11:16:45.236+02:00  INFO 12168 --- [http-nio-8080-exec-3] common.util.Utils                        : -16 hours, 
2024-09-08T11:16:45.236+02:00  INFO 12168 --- [http-nio-8080-exec-3] common.util.Utils                        : -46 minutes, 
2024-09-08T11:16:45.236+02:00  INFO 12168 --- [http-nio-8080-exec-3] common.util.Utils                        : -45 seconds
2024-09-08T11:16:45.236+02:00  INFO 12168 --- [http-nio-8080-exec-3] fcweb.security.AuthenticatedUser         : millisDiff : 0
2024-09-08T11:16:45.236+02:00  INFO 12168 --- [http-nio-8080-exec-3] fcweb.security.AuthenticatedUser         : Login DAVIDE success
2024-09-08T11:16:45.238+02:00  INFO 12168 --- [http-nio-8080-exec-3] fcweb.ui.views.seriea.HomeView           : HomeView()
2024-09-08T11:16:45.239+02:00  INFO 12168 --- [http-nio-8080-exec-3] fcweb.ui.views.seriea.HomeView           : init
2024-09-08T11:16:45.239+02:00  INFO 12168 --- [http-nio-8080-exec-3] common.util.Utils                        : isValidVaadinSession = true 
2024-09-08T11:16:45.241+02:00 ERROR 12168 --- [http-nio-8080-exec-3] o.h.engine.jdbc.spi.SqlExceptionHelper   : Duplicate entry '22' for key 'PRIMARY'
2024-09-08T11:16:45.242+02:00 ERROR 12168 --- [http-nio-8080-exec-3] fcweb.backend.service.AccessoService     : could not execute statement [Duplicate entry '22' for key 'PRIMARY'] [insert into fc_accesso (data,id_attore,id_campionato,note,id) values (?,?,?,?,?)]; SQL [insert into fc_accesso (data,id_attore,id_campionato,note,id) values (?,?,?,?,?)]; constraint [PRIMARY]
2024-09-08T11:16:45.242+02:00  INFO 12168 --- [http-nio-8080-exec-3] fcweb.backend.service.AccessoService     : now : 2024-09-08T11:16:45.239854100 attore DAVIDE note fcweb.ui.views.seriea.HomeView
2024-09-08T11:16:45.259+02:00  INFO 12168 --- [http-nio-8080-exec-3] fcweb.ui.views.seriea.HomeView           : millisDiff 0
2024-09-08T11:16:45.261+02:00  INFO 12168 --- [http-nio-8080-exec-3] fcweb.ui.views.seriea.HomeView           : from 1
2024-09-08T11:16:45.261+02:00  INFO 12168 --- [http-nio-8080-exec-3] fcweb.ui.views.seriea.HomeView           : to 19
2024-09-08T11:16:46.539+02:00  INFO 12168 --- [http-nio-8080-exec-9] fcweb.ui.views.seriea.FormazioniView     : FormazioniView()
2024-09-08T11:16:46.540+02:00  INFO 12168 --- [http-nio-8080-exec-9] fcweb.ui.views.seriea.FormazioniView     : initImg()
2024-09-08T11:16:46.541+02:00  INFO 12168 --- [http-nio-8080-exec-9] fcweb.ui.views.seriea.FormazioniView     : init
2024-09-08T11:16:46.541+02:00  INFO 12168 --- [http-nio-8080-exec-9] common.util.Utils                        : isValidVaadinSession = true 
2024-09-08T11:16:46.543+02:00 ERROR 12168 --- [http-nio-8080-exec-9] o.h.engine.jdbc.spi.SqlExceptionHelper   : Duplicate entry '23' for key 'PRIMARY'
2024-09-08T11:16:46.544+02:00 ERROR 12168 --- [http-nio-8080-exec-9] fcweb.backend.service.AccessoService     : could not execute statement [Duplicate entry '23' for key 'PRIMARY'] [insert into fc_accesso (data,id_attore,id_campionato,note,id) values (?,?,?,?,?)]; SQL [insert into fc_accesso (data,id_attore,id_campionato,note,id) values (?,?,?,?,?)]; constraint [PRIMARY]
2024-09-08T11:16:46.544+02:00  INFO 12168 --- [http-nio-8080-exec-9] fcweb.backend.service.AccessoService     : now : 2024-09-08T11:16:46.541131 attore DAVIDE note fcweb.ui.views.seriea.FormazioniView
2024-09-08T11:16:46.544+02:00  INFO 12168 --- [http-nio-8080-exec-9] fcweb.ui.views.seriea.FormazioniView     : initLayout()
2024-09-08T11:16:46.553+02:00  INFO 12168 --- [http-nio-8080-exec-9] fcweb.ui.views.seriea.FormazioniView     : addValueChangeListener 
2024-09-08T11:16:46.554+02:00  INFO 12168 --- [http-nio-8080-exec-9] fcweb.ui.views.seriea.FormazioniView     : event.getOldValue()
2024-09-08T11:16:46.554+02:00  INFO 12168 --- [http-nio-8080-exec-9] fcweb.ui.views.seriea.FormazioniView     : gioranta 3
2024-09-08T11:16:46.557+02:00  INFO 12168 --- [http-nio-8080-exec-9] fcweb.ui.views.seriea.FormazioniView     : START buildData SKIZZO
2024-09-08T11:16:46.584+02:00  INFO 12168 --- [http-nio-8080-exec-9] fcweb.ui.views.seriea.FormazioniView     : END buildData SKIZZO
2024-09-08T11:16:46.609+02:00  INFO 12168 --- [http-nio-8080-exec-9] fcweb.ui.views.seriea.FormazioniView     : START buildData PRIMO
2024-09-08T11:16:46.622+02:00  INFO 12168 --- [http-nio-8080-exec-9] fcweb.ui.views.seriea.FormazioniView     : END buildData PRIMO
2024-09-08T11:16:46.639+02:00  INFO 12168 --- [http-nio-8080-exec-9] fcweb.ui.views.seriea.FormazioniView     : START buildData ANDREA-Z
2024-09-08T11:16:46.652+02:00  INFO 12168 --- [http-nio-8080-exec-9] fcweb.ui.views.seriea.FormazioniView     : END buildData ANDREA-Z
2024-09-08T11:16:46.673+02:00  INFO 12168 --- [http-nio-8080-exec-9] fcweb.ui.views.seriea.FormazioniView     : START buildData RINC
2024-09-08T11:16:46.688+02:00  INFO 12168 --- [http-nio-8080-exec-9] fcweb.ui.views.seriea.FormazioniView     : END buildData RINC
2024-09-08T11:16:46.713+02:00  INFO 12168 --- [http-nio-8080-exec-9] fcweb.ui.views.seriea.FormazioniView     : START buildData EDO
2024-09-08T11:16:46.731+02:00  INFO 12168 --- [http-nio-8080-exec-9] fcweb.ui.views.seriea.FormazioniView     : END buildData EDO
2024-09-08T11:16:46.753+02:00  INFO 12168 --- [http-nio-8080-exec-9] fcweb.ui.views.seriea.FormazioniView     : START buildData GREG
2024-09-08T11:16:46.774+02:00  INFO 12168 --- [http-nio-8080-exec-9] fcweb.ui.views.seriea.FormazioniView     : END buildData GREG
2024-09-08T11:16:46.808+02:00  INFO 12168 --- [http-nio-8080-exec-9] fcweb.ui.views.seriea.FormazioniView     : START buildData SIMONE
2024-09-08T11:16:46.827+02:00  INFO 12168 --- [http-nio-8080-exec-9] fcweb.ui.views.seriea.FormazioniView     : END buildData SIMONE
2024-09-08T11:16:46.854+02:00  INFO 12168 --- [http-nio-8080-exec-9] fcweb.ui.views.seriea.FormazioniView     : START buildData DAVIDE
2024-09-08T11:16:46.870+02:00  INFO 12168 --- [http-nio-8080-exec-9] fcweb.ui.views.seriea.FormazioniView     : END buildData DAVIDE
2024-09-08T11:16:50.362+02:00  INFO 12168 --- [http-nio-8080-exec-3] fcweb.ui.views.seriea.StatisticheView    : init
2024-09-08T11:16:50.362+02:00  INFO 12168 --- [http-nio-8080-exec-3] common.util.Utils                        : isValidVaadinSession = true 
2024-09-08T11:16:50.366+02:00 ERROR 12168 --- [http-nio-8080-exec-3] o.h.engine.jdbc.spi.SqlExceptionHelper   : Duplicate entry '24' for key 'PRIMARY'
2024-09-08T11:16:50.368+02:00 ERROR 12168 --- [http-nio-8080-exec-3] fcweb.backend.service.AccessoService     : could not execute statement [Duplicate entry '24' for key 'PRIMARY'] [insert into fc_accesso (data,id_attore,id_campionato,note,id) values (?,?,?,?,?)]; SQL [insert into fc_accesso (data,id_attore,id_campionato,note,id) values (?,?,?,?,?)]; constraint [PRIMARY]
2024-09-08T11:16:50.368+02:00  INFO 12168 --- [http-nio-8080-exec-3] fcweb.backend.service.AccessoService     : now : 2024-09-08T11:16:50.362720500 attore DAVIDE note fcweb.ui.views.seriea.StatisticheView
2024-09-08T11:16:52.327+02:00  INFO 12168 --- [http-nio-8080-exec-9] f.u.v.s.SqualificatiIndisponibiliView    : SqualificatiIndisponibiliView()
2024-09-08T11:16:52.327+02:00  INFO 12168 --- [http-nio-8080-exec-9] common.util.Utils                        : isValidVaadinSession = true 
2024-09-08T11:16:52.332+02:00 ERROR 12168 --- [http-nio-8080-exec-9] o.h.engine.jdbc.spi.SqlExceptionHelper   : Duplicate entry '25' for key 'PRIMARY'
2024-09-08T11:16:52.332+02:00 ERROR 12168 --- [http-nio-8080-exec-9] fcweb.backend.service.AccessoService     : could not execute statement [Duplicate entry '25' for key 'PRIMARY'] [insert into fc_accesso (data,id_attore,id_campionato,note,id) values (?,?,?,?,?)]; SQL [insert into fc_accesso (data,id_attore,id_campionato,note,id) values (?,?,?,?,?)]; constraint [PRIMARY]
2024-09-08T11:16:52.333+02:00  INFO 12168 --- [http-nio-8080-exec-9] fcweb.backend.service.AccessoService     : now : 2024-09-08T11:16:52.327095800 attore DAVIDE note fcweb.ui.views.seriea.SqualificatiIndisponibiliView
2024-09-08T11:16:52.349+02:00  INFO 12168 --- [http-nio-8080-exec-9] f.u.v.s.SqualificatiIndisponibiliView    : listSqualificati 1
2024-09-08T11:16:52.350+02:00  INFO 12168 --- [http-nio-8080-exec-9] f.u.v.s.SqualificatiIndisponibiliView    : listInfortunati 50
2024-09-08T11:16:54.607+02:00  INFO 12168 --- [http-nio-8080-exec-10] fcweb.ui.views.seriea.DownloadView       : init
2024-09-08T11:16:54.607+02:00  INFO 12168 --- [http-nio-8080-exec-10] common.util.Utils                        : isValidVaadinSession = true 
2024-09-08T11:16:54.610+02:00 ERROR 12168 --- [http-nio-8080-exec-10] o.h.engine.jdbc.spi.SqlExceptionHelper   : Duplicate entry '26' for key 'PRIMARY'
2024-09-08T11:16:54.611+02:00 ERROR 12168 --- [http-nio-8080-exec-10] fcweb.backend.service.AccessoService     : could not execute statement [Duplicate entry '26' for key 'PRIMARY'] [insert into fc_accesso (data,id_attore,id_campionato,note,id) values (?,?,?,?,?)]; SQL [insert into fc_accesso (data,id_attore,id_campionato,note,id) values (?,?,?,?,?)]; constraint [PRIMARY]
2024-09-08T11:16:54.611+02:00  INFO 12168 --- [http-nio-8080-exec-10] fcweb.backend.service.AccessoService     : now : 2024-09-08T11:16:54.607739400 attore DAVIDE note fcweb.ui.views.seriea.DownloadView
2024-09-08T11:16:54.618+02:00  INFO 12168 --- [http-nio-8080-exec-10] fcweb.ui.views.seriea.DownloadView       : resX 1920
2024-09-08T11:16:54.618+02:00  INFO 12168 --- [http-nio-8080-exec-10] fcweb.ui.views.seriea.DownloadView       : resY 1080
2024-09-08T11:16:54.641+02:00  INFO 12168 --- [http-nio-8080-exec-10] fcweb.ui.views.seriea.DownloadView       :  pathPdf false
2024-09-08T11:16:54.642+02:00  INFO 12168 --- [http-nio-8080-exec-10] fcweb.ui.views.seriea.DownloadView       :  pathPdf true
2024-09-08T11:16:59.816+02:00  WARN 12168 --- [http-nio-8080-exec-8] o.a.poi.xssf.usermodel.XSSFWorkbook      : Cloning sheets with page setup is not yet supported.
